Added Component: Designator=J1(MHDR1X02-254P)
Add component (AddParameter): Name = "ComponentLinkp-URL"; Value = "https://www.smartw.ir/"; VariantName = "[No Variations]"
Add component (AddParameter): Name = "DatasheetVersion"; Value = "2020"; VariantName = "[No Variations]"
Added Component: Designator=J2(MHDR1X02-254P)
Add component (AddParameter): Name = "ComponentLinkp-URL"; Value = "https://www.smartw.ir/"; VariantName = "[No Variations]"
Add component (AddParameter): Name = "DatasheetVersion"; Value = "2020"; VariantName = "[No Variations]"
Added Component: Designator=J3(MHDR1X02-254P)
Add component (AddParameter): Name = "ComponentLinkp-URL"; Value = "https://www.smartw.ir/"; VariantName = "[No Variations]"
Add component (AddParameter): Name = "DatasheetVersion"; Value = "2020"; VariantName = "[No Variations]"
Added Component: Designator=J4(MHDR1X02-254P)
Add component (AddParameter): Name = "ComponentLinkp-URL"; Value = "https://www.smartw.ir/"; VariantName = "[No Variations]"
Add component (AddParameter): Name = "DatasheetVersion"; Value = "2020"; VariantName = "[No Variations]"
Added Component: Designator=M1(SOT-23)
Add component (AddParameter): Name = "BiasValue Power"; Value = ""; VariantName = "[No Variations]"
Add component (AddParameter): Name = "PCB Footprint"; Value = ""; VariantName = "[No Variations]"
Add component (AddParameter): Name = "PSpiceTemplate"; Value = "X^@REFDES %g %s %d @MODEL"; VariantName = "[No Variations]"
Add component (AddParameter): Name = "Schematics' Source Library"; Value = "H:\Fertige_Modelle\BSx\Files\Bss_l0_2.slb"; VariantName = "[No Variations]"
Added Component: Designator=M2(SOT-23)
Add component (AddParameter): Name = "BiasValue Power"; Value = ""; VariantName = "[No Variations]"
Add component (AddParameter): Name = "PCB Footprint"; Value = ""; VariantName = "[No Variations]"
Add component (AddParameter): Name = "PSpiceTemplate"; Value = "X^@REFDES %g %s %d @MODEL"; VariantName = "[No Variations]"
Add component (AddParameter): Name = "Schematics' Source Library"; Value = "H:\Fertige_Modelle\BSx\Files\Bss_l0_2.slb"; VariantName = "[No Variations]"
Added Component: Designator=M3(SOT-23)
Add component (AddParameter): Name = "BiasValue Power"; Value = ""; VariantName = "[No Variations]"
Add component (AddParameter): Name = "PCB Footprint"; Value = ""; VariantName = "[No Variations]"
Add component (AddParameter): Name = "PSpiceTemplate"; Value = "X^@REFDES %g %s %d @MODEL"; VariantName = "[No Variations]"
Add component (AddParameter): Name = "Schematics' Source Library"; Value = "H:\Fertige_Modelle\BSx\Files\Bss_l0_2.slb"; VariantName = "[No Variations]"
Added Component: Designator=M4(SOT-23)
Add component (AddParameter): Name = "BiasValue Power"; Value = ""; VariantName = "[No Variations]"
Add component (AddParameter): Name = "PCB Footprint"; Value = ""; VariantName = "[No Variations]"
Add component (AddParameter): Name = "PSpiceTemplate"; Value = "X^@REFDES %g %s %d @MODEL"; VariantName = "[No Variations]"
Add component (AddParameter): Name = "Schematics' Source Library"; Value = "H:\Fertige_Modelle\BSx\Files\Bss_l0_2.slb"; VariantName = "[No Variations]"
Added Component: Designator=M5(SOT-23)
Add component (AddParameter): Name = "BiasValue Power"; Value = ""; VariantName = "[No Variations]"
Add component (AddParameter): Name = "PCB Footprint"; Value = ""; VariantName = "[No Variations]"
Add component (AddParameter): Name = "PSpiceTemplate"; Value = "X^@REFDES %g %s %d @MODEL"; VariantName = "[No Variations]"
Add component (AddParameter): Name = "Schematics' Source Library"; Value = "H:\Fertige_Modelle\BSx\Files\Bss_l0_2.slb"; VariantName = "[No Variations]"
Added Component: Designator=M6(SOT-23)
Add component (AddParameter): Name = "BiasValue Power"; Value = ""; VariantName = "[No Variations]"
Add component (AddParameter): Name = "PCB Footprint"; Value = ""; VariantName = "[No Variations]"
Add component (AddParameter): Name = "PSpiceTemplate"; Value = "X^@REFDES %g %s %d @MODEL"; VariantName = "[No Variations]"
Add component (AddParameter): Name = "Schematics' Source Library"; Value = "H:\Fertige_Modelle\BSx\Files\Bss_l0_2.slb"; VariantName = "[No Variations]"
Added Component: Designator=M7(SOT-23)
Add component (AddParameter): Name = "BiasValue Power"; Value = ""; VariantName = "[No Variations]"
Add component (AddParameter): Name = "PCB Footprint"; Value = ""; VariantName = "[No Variations]"
Add component (AddParameter): Name = "PSpiceTemplate"; Value = "X^@REFDES %g %s %d @MODEL"; VariantName = "[No Variations]"
Add component (AddParameter): Name = "Schematics' Source Library"; Value = "H:\Fertige_Modelle\BSx\Files\Bss_l0_2.slb"; VariantName = "[No Variations]"
Added Component: Designator=M8(SOT-23)
Add component (AddParameter): Name = "BiasValue Power"; Value = ""; VariantName = "[No Variations]"
Add component (AddParameter): Name = "PCB Footprint"; Value = ""; VariantName = "[No Variations]"
Add component (AddParameter): Name = "PSpiceTemplate"; Value = "X^@REFDES %g %s %d @MODEL"; VariantName = "[No Variations]"
Add component (AddParameter): Name = "Schematics' Source Library"; Value = "H:\Fertige_Modelle\BSx\Files\Bss_l0_2.slb"; VariantName = "[No Variations]"
Added Component: Designator=Q1(SOT-23)
Add component (AddParameter): Name = "AREA"; Value = ""; VariantName = "[No Variations]"
Add component (AddParameter): Name = "BiasValue Power"; Value = "2.857mW"; VariantName = "[No Variations]"
Add component (AddParameter): Name = "Implementation"; Value = ""; VariantName = "[No Variations]"
Add component (AddParameter): Name = "PCB Footprint"; Value = "sot23"; VariantName = "[No Variations]"
Add component (AddParameter): Name = "PSpiceTemplate"; Value = "Q^@REFDES %C %B %E @MODEL ?AREA/@AREA/"; VariantName = "[No Variations]"
Added Component: Designator=Q2(SOT-23)
Add component (AddParameter): Name = "AREA"; Value = ""; VariantName = "[No Variations]"
Add component (AddParameter): Name = "BiasValue Power"; Value = ""; VariantName = "[No Variations]"
Add component (AddParameter): Name = "Implementation"; Value = ""; VariantName = "[No Variations]"
Add component (AddParameter): Name = "PCB Footprint"; Value = "sot23"; VariantName = "[No Variations]"
Add component (AddParameter): Name = "PSpiceTemplate"; Value = "Q^@REFDES %C %B %E @MODEL ?AREA/@AREA/"; VariantName = "[No Variations]"
Added Component: Designator=Q3(SOT-23)
Add component (AddParameter): Name = "AREA"; Value = ""; VariantName = "[No Variations]"
Add component (AddParameter): Name = "BiasValue Power"; Value = ""; VariantName = "[No Variations]"
Add component (AddParameter): Name = "Implementation"; Value = ""; VariantName = "[No Variations]"
Add component (AddParameter): Name = "PCB Footprint"; Value = "sot23"; VariantName = "[No Variations]"
Add component (AddParameter): Name = "PSpiceTemplate"; Value = "Q^@REFDES %C %B %E @MODEL ?AREA/@AREA/"; VariantName = "[No Variations]"
Added Component: Designator=Q4(SOT-23)
Add component (AddParameter): Name = "AREA"; Value = ""; VariantName = "[No Variations]"
Add component (AddParameter): Name = "BiasValue Power"; Value = ""; VariantName = "[No Variations]"
Add component (AddParameter): Name = "Implementation"; Value = ""; VariantName = "[No Variations]"
Add component (AddParameter): Name = "PCB Footprint"; Value = "sot23"; VariantName = "[No Variations]"
Add component (AddParameter): Name = "PSpiceTemplate"; Value = "Q^@REFDES %C %B %E @MODEL ?AREA/@AREA/"; VariantName = "[No Variations]"
Added Component: Designator=Q5(SOT-23)
Add component (AddParameter): Name = "AREA"; Value = ""; VariantName = "[No Variations]"
Add component (AddParameter): Name = "BiasValue Power"; Value = ""; VariantName = "[No Variations]"
Add component (AddParameter): Name = "Implementation"; Value = ""; VariantName = "[No Variations]"
Add component (AddParameter): Name = "PCB Footprint"; Value = "sot23"; VariantName = "[No Variations]"
Add component (AddParameter): Name = "PSpiceTemplate"; Value = "Q^@REFDES %C %B %E @MODEL ?AREA/@AREA/"; VariantName = "[No Variations]"
Added Component: Designator=Q6(SOT-23)
Add component (AddParameter): Name = "AREA"; Value = ""; VariantName = "[No Variations]"
Add component (AddParameter): Name = "BiasValue Power"; Value = "20.78mW"; VariantName = "[No Variations]"
Add component (AddParameter): Name = "Implementation"; Value = ""; VariantName = "[No Variations]"
Add component (AddParameter): Name = "PCB Footprint"; Value = "sot23"; VariantName = "[No Variations]"
Add component (AddParameter): Name = "PSpiceTemplate"; Value = "Q^@REFDES %C %B %E @MODEL ?AREA/@AREA/"; VariantName = "[No Variations]"
Added Component: Designator=Q7(SOT-23)
Add component (AddParameter): Name = "AREA"; Value = ""; VariantName = "[No Variations]"
Add component (AddParameter): Name = "BiasValue Power"; Value = ""; VariantName = "[No Variations]"
Add component (AddParameter): Name = "Implementation"; Value = ""; VariantName = "[No Variations]"
Add component (AddParameter): Name = "PCB Footprint"; Value = "sot23"; VariantName = "[No Variations]"
Add component (AddParameter): Name = "PSpiceTemplate"; Value = "Q^@REFDES %C %B %E @MODEL ?AREA/@AREA/"; VariantName = "[No Variations]"
Added Component: Designator=Q8(SOT-23)
Add component (AddParameter): Name = "AREA"; Value = ""; VariantName = "[No Variations]"
Add component (AddParameter): Name = "BiasValue Power"; Value = ""; VariantName = "[No Variations]"
Add component (AddParameter): Name = "Implementation"; Value = ""; VariantName = "[No Variations]"
Add component (AddParameter): Name = "PCB Footprint"; Value = "sot23"; VariantName = "[No Variations]"
Add component (AddParameter): Name = "PSpiceTemplate"; Value = "Q^@REFDES %C %B %E @MODEL ?AREA/@AREA/"; VariantName = "[No Variations]"
Added Component: Designator=Q9(SOT-23)
Add component (AddParameter): Name = "AREA"; Value = ""; VariantName = "[No Variations]"
Add component (AddParameter): Name = "BiasValue Power"; Value = ""; VariantName = "[No Variations]"
Add component (AddParameter): Name = "Implementation"; Value = ""; VariantName = "[No Variations]"
Add component (AddParameter): Name = "PCB Footprint"; Value = "sot23"; VariantName = "[No Variations]"
Add component (AddParameter): Name = "PSpiceTemplate"; Value = "Q^@REFDES %C %B %E @MODEL ?AREA/@AREA/"; VariantName = "[No Variations]"
Added Component: Designator=Q10(SOT-23)
Add component (AddParameter): Name = "AREA"; Value = ""; VariantName = "[No Variations]"
Add component (AddParameter): Name = "BiasValue Power"; Value = ""; VariantName = "[No Variations]"
Add component (AddParameter): Name = "Implementation"; Value = ""; VariantName = "[No Variations]"
Add component (AddParameter): Name = "PCB Footprint"; Value = "sot23"; VariantName = "[No Variations]"
Add component (AddParameter): Name = "PSpiceTemplate"; Value = "Q^@REFDES %C %B %E @MODEL ?AREA/@AREA/"; VariantName = "[No Variations]"
Added Component: Designator=R1(R0603)
Add component (AddParameter): Name = "BiasValue Power"; Value = "18.75mW"; VariantName = "[No Variations]"
Add component (AddParameter): Name = "DIST"; Value = "FLAT"; VariantName = "[No Variations]"
Add component (AddParameter): Name = "MAX_TEMP"; Value = "RTMAX"; VariantName = "[No Variations]"
Add component (AddParameter): Name = "PCB Footprint"; Value = "AXRC05"; VariantName = "[No Variations]"
Add component (AddParameter): Name = "POWER"; Value = "RMAX"; VariantName = "[No Variations]"
Add component (AddParameter): Name = "PSpice Model Type"; Value = "0011"; VariantName = "[No Variations]"
Add component (AddParameter): Name = "PSpiceTemplate"; Value = "R^@REFDES %1 %2 ?TOLERANCE|R^@REFDES| @VALUE TC=@TC1,@TC2 ?TOLERANCE|\n.model R^@REFDES RES R=1 DEV=@TOLERANCE% TC1=@TC1 TC2=@TC2|"; VariantName = "[No Variations]"
Add component (AddParameter): Name = "SLOPE"; Value = "RSMAX"; VariantName = "[No Variations]"
Add component (AddParameter): Name = "TC1"; Value = "0"; VariantName = "[No Variations]"
Add component (AddParameter): Name = "TC2"; Value = "0"; VariantName = "[No Variations]"
Add component (AddParameter): Name = "TOLERANCE"; Value = ""; VariantName = "[No Variations]"
Add component (AddParameter): Name = "Value"; Value = "1k"; VariantName = "[No Variations]"
Add component (AddParameter): Name = "VOLTAGE"; Value = "RVMAX"; VariantName = "[No Variations]"
Added Component: Designator=R2(R0603)
Add component (AddParameter): Name = "BiasValue Power"; Value = ""; VariantName = "[No Variations]"
Add component (AddParameter): Name = "DIST"; Value = "FLAT"; VariantName = "[No Variations]"
Add component (AddParameter): Name = "MAX_TEMP"; Value = "RTMAX"; VariantName = "[No Variations]"
Add component (AddParameter): Name = "PCB Footprint"; Value = "AXRC05"; VariantName = "[No Variations]"
Add component (AddParameter): Name = "POWER"; Value = "RMAX"; VariantName = "[No Variations]"
Add component (AddParameter): Name = "PSpice Model Type"; Value = "0011"; VariantName = "[No Variations]"
Add component (AddParameter): Name = "PSpiceTemplate"; Value = "R^@REFDES %1 %2 ?TOLERANCE|R^@REFDES| @VALUE TC=@TC1,@TC2 ?TOLERANCE|\n.model R^@REFDES RES R=1 DEV=@TOLERANCE% TC1=@TC1 TC2=@TC2|"; VariantName = "[No Variations]"
Add component (AddParameter): Name = "SLOPE"; Value = "RSMAX"; VariantName = "[No Variations]"
Add component (AddParameter): Name = "TC1"; Value = "0"; VariantName = "[No Variations]"
Add component (AddParameter): Name = "TC2"; Value = "0"; VariantName = "[No Variations]"
Add component (AddParameter): Name = "TOLERANCE"; Value = ""; VariantName = "[No Variations]"
Add component (AddParameter): Name = "Value"; Value = "1k"; VariantName = "[No Variations]"
Add component (AddParameter): Name = "VOLTAGE"; Value = "RVMAX"; VariantName = "[No Variations]"
Added Component: Designator=R3(R0603)
Add component (AddParameter): Name = "BiasValue Power"; Value = ""; VariantName = "[No Variations]"
Add component (AddParameter): Name = "DIST"; Value = "FLAT"; VariantName = "[No Variations]"
Add component (AddParameter): Name = "MAX_TEMP"; Value = "RTMAX"; VariantName = "[No Variations]"
Add component (AddParameter): Name = "PCB Footprint"; Value = "AXRC05"; VariantName = "[No Variations]"
Add component (AddParameter): Name = "POWER"; Value = "RMAX"; VariantName = "[No Variations]"
Add component (AddParameter): Name = "PSpice Model Type"; Value = "0011"; VariantName = "[No Variations]"
Add component (AddParameter): Name = "PSpiceTemplate"; Value = "R^@REFDES %1 %2 ?TOLERANCE|R^@REFDES| @VALUE TC=@TC1,@TC2 ?TOLERANCE|\n.model R^@REFDES RES R=1 DEV=@TOLERANCE% TC1=@TC1 TC2=@TC2|"; VariantName = "[No Variations]"
Add component (AddParameter): Name = "SLOPE"; Value = "RSMAX"; VariantName = "[No Variations]"
Add component (AddParameter): Name = "TC1"; Value = "0"; VariantName = "[No Variations]"
Add component (AddParameter): Name = "TC2"; Value = "0"; VariantName = "[No Variations]"
Add component (AddParameter): Name = "TOLERANCE"; Value = ""; VariantName = "[No Variations]"
Add component (AddParameter): Name = "Value"; Value = "1k"; VariantName = "[No Variations]"
Add component (AddParameter): Name = "VOLTAGE"; Value = "RVMAX"; VariantName = "[No Variations]"
Added Component: Designator=R4(R0603)
Add component (AddParameter): Name = "BiasValue Power"; Value = ""; VariantName = "[No Variations]"
Add component (AddParameter): Name = "DIST"; Value = "FLAT"; VariantName = "[No Variations]"
Add component (AddParameter): Name = "MAX_TEMP"; Value = "RTMAX"; VariantName = "[No Variations]"
Add component (AddParameter): Name = "PCB Footprint"; Value = "AXRC05"; VariantName = "[No Variations]"
Add component (AddParameter): Name = "POWER"; Value = "RMAX"; VariantName = "[No Variations]"
Add component (AddParameter): Name = "PSpice Model Type"; Value = "0011"; VariantName = "[No Variations]"
Add component (AddParameter): Name = "PSpiceTemplate"; Value = "R^@REFDES %1 %2 ?TOLERANCE|R^@REFDES| @VALUE TC=@TC1,@TC2 ?TOLERANCE|\n.model R^@REFDES RES R=1 DEV=@TOLERANCE% TC1=@TC1 TC2=@TC2|"; VariantName = "[No Variations]"
Add component (AddParameter): Name = "SLOPE"; Value = "RSMAX"; VariantName = "[No Variations]"
Add component (AddParameter): Name = "TC1"; Value = "0"; VariantName = "[No Variations]"
Add component (AddParameter): Name = "TC2"; Value = "0"; VariantName = "[No Variations]"
Add component (AddParameter): Name = "TOLERANCE"; Value = ""; VariantName = "[No Variations]"
Add component (AddParameter): Name = "Value"; Value = "1k"; VariantName = "[No Variations]"
Add component (AddParameter): Name = "VOLTAGE"; Value = "RVMAX"; VariantName = "[No Variations]"
Added Component: Designator=R5(R0603)
Add component (AddParameter): Name = "BiasValue Power"; Value = ""; VariantName = "[No Variations]"
Add component (AddParameter): Name = "DIST"; Value = "FLAT"; VariantName = "[No Variations]"
Add component (AddParameter): Name = "MAX_TEMP"; Value = "RTMAX"; VariantName = "[No Variations]"
Add component (AddParameter): Name = "PCB Footprint"; Value = "AXRC05"; VariantName = "[No Variations]"
Add component (AddParameter): Name = "POWER"; Value = "RMAX"; VariantName = "[No Variations]"
Add component (AddParameter): Name = "PSpice Model Type"; Value = "0011"; VariantName = "[No Variations]"
Add component (AddParameter): Name = "PSpiceTemplate"; Value = "R^@REFDES %1 %2 ?TOLERANCE|R^@REFDES| @VALUE TC=@TC1,@TC2 ?TOLERANCE|\n.model R^@REFDES RES R=1 DEV=@TOLERANCE% TC1=@TC1 TC2=@TC2|"; VariantName = "[No Variations]"
Add component (AddParameter): Name = "SLOPE"; Value = "RSMAX"; VariantName = "[No Variations]"
Add component (AddParameter): Name = "TC1"; Value = "0"; VariantName = "[No Variations]"
Add component (AddParameter): Name = "TC2"; Value = "0"; VariantName = "[No Variations]"
Add component (AddParameter): Name = "TOLERANCE"; Value = ""; VariantName = "[No Variations]"
Add component (AddParameter): Name = "Value"; Value = "1k"; VariantName = "[No Variations]"
Add component (AddParameter): Name = "VOLTAGE"; Value = "RVMAX"; VariantName = "[No Variations]"
Added Component: Designator=R6(R0603)
Add component (AddParameter): Name = "BiasValue Power"; Value = ""; VariantName = "[No Variations]"
Add component (AddParameter): Name = "DIST"; Value = "FLAT"; VariantName = "[No Variations]"
Add component (AddParameter): Name = "MAX_TEMP"; Value = "RTMAX"; VariantName = "[No Variations]"
Add component (AddParameter): Name = "PCB Footprint"; Value = "AXRC05"; VariantName = "[No Variations]"
Add component (AddParameter): Name = "POWER"; Value = "RMAX"; VariantName = "[No Variations]"
Add component (AddParameter): Name = "PSpice Model Type"; Value = "0011"; VariantName = "[No Variations]"
Add component (AddParameter): Name = "PSpiceTemplate"; Value = "R^@REFDES %1 %2 ?TOLERANCE|R^@REFDES| @VALUE TC=@TC1,@TC2 ?TOLERANCE|\n.model R^@REFDES RES R=1 DEV=@TOLERANCE% TC1=@TC1 TC2=@TC2|"; VariantName = "[No Variations]"
Add component (AddParameter): Name = "SLOPE"; Value = "RSMAX"; VariantName = "[No Variations]"
Add component (AddParameter): Name = "TC1"; Value = "0"; VariantName = "[No Variations]"
Add component (AddParameter): Name = "TC2"; Value = "0"; VariantName = "[No Variations]"
Add component (AddParameter): Name = "TOLERANCE"; Value = ""; VariantName = "[No Variations]"
Add component (AddParameter): Name = "Value"; Value = "1k"; VariantName = "[No Variations]"
Add component (AddParameter): Name = "VOLTAGE"; Value = "RVMAX"; VariantName = "[No Variations]"
Added Component: Designator=R7(R0603)
Add component (AddParameter): Name = "BiasValue Power"; Value = ""; VariantName = "[No Variations]"
Add component (AddParameter): Name = "DIST"; Value = "FLAT"; VariantName = "[No Variations]"
Add component (AddParameter): Name = "MAX_TEMP"; Value = "RTMAX"; VariantName = "[No Variations]"
Add component (AddParameter): Name = "PCB Footprint"; Value = "AXRC05"; VariantName = "[No Variations]"
Add component (AddParameter): Name = "POWER"; Value = "RMAX"; VariantName = "[No Variations]"
Add component (AddParameter): Name = "PSpice Model Type"; Value = "0011"; VariantName = "[No Variations]"
Add component (AddParameter): Name = "PSpiceTemplate"; Value = "R^@REFDES %1 %2 ?TOLERANCE|R^@REFDES| @VALUE TC=@TC1,@TC2 ?TOLERANCE|\n.model R^@REFDES RES R=1 DEV=@TOLERANCE% TC1=@TC1 TC2=@TC2|"; VariantName = "[No Variations]"
Add component (AddParameter): Name = "SLOPE"; Value = "RSMAX"; VariantName = "[No Variations]"
Add component (AddParameter): Name = "TC1"; Value = "0"; VariantName = "[No Variations]"
Add component (AddParameter): Name = "TC2"; Value = "0"; VariantName = "[No Variations]"
Add component (AddParameter): Name = "TOLERANCE"; Value = ""; VariantName = "[No Variations]"
Add component (AddParameter): Name = "Value"; Value = "1k"; VariantName = "[No Variations]"
Add component (AddParameter): Name = "VOLTAGE"; Value = "RVMAX"; VariantName = "[No Variations]"
Added Component: Designator=R8(R0603)
Add component (AddParameter): Name = "BiasValue Power"; Value = ""; VariantName = "[No Variations]"
Add component (AddParameter): Name = "DIST"; Value = "FLAT"; VariantName = "[No Variations]"
Add component (AddParameter): Name = "MAX_TEMP"; Value = "RTMAX"; VariantName = "[No Variations]"
Add component (AddParameter): Name = "PCB Footprint"; Value = "AXRC05"; VariantName = "[No Variations]"
Add component (AddParameter): Name = "POWER"; Value = "RMAX"; VariantName = "[No Variations]"
Add component (AddParameter): Name = "PSpice Model Type"; Value = "0011"; VariantName = "[No Variations]"
Add component (AddParameter): Name = "PSpiceTemplate"; Value = "R^@REFDES %1 %2 ?TOLERANCE|R^@REFDES| @VALUE TC=@TC1,@TC2 ?TOLERANCE|\n.model R^@REFDES RES R=1 DEV=@TOLERANCE% TC1=@TC1 TC2=@TC2|"; VariantName = "[No Variations]"
Add component (AddParameter): Name = "SLOPE"; Value = "RSMAX"; VariantName = "[No Variations]"
Add component (AddParameter): Name = "TC1"; Value = "0"; VariantName = "[No Variations]"
Add component (AddParameter): Name = "TC2"; Value = "0"; VariantName = "[No Variations]"
Add component (AddParameter): Name = "TOLERANCE"; Value = ""; VariantName = "[No Variations]"
Add component (AddParameter): Name = "Value"; Value = "1k"; VariantName = "[No Variations]"
Add component (AddParameter): Name = "VOLTAGE"; Value = "RVMAX"; VariantName = "[No Variations]"
Added Component: Designator=R9(R0603)
Add component (AddParameter): Name = "BiasValue Power"; Value = ""; VariantName = "[No Variations]"
Add component (AddParameter): Name = "DIST"; Value = "FLAT"; VariantName = "[No Variations]"
Add component (AddParameter): Name = "MAX_TEMP"; Value = "RTMAX"; VariantName = "[No Variations]"
Add component (AddParameter): Name = "PCB Footprint"; Value = "AXRC05"; VariantName = "[No Variations]"
Add component (AddParameter): Name = "POWER"; Value = "RMAX"; VariantName = "[No Variations]"
Add component (AddParameter): Name = "PSpice Model Type"; Value = "0011"; VariantName = "[No Variations]"
Add component (AddParameter): Name = "PSpiceTemplate"; Value = "R^@REFDES %1 %2 ?TOLERANCE|R^@REFDES| @VALUE TC=@TC1,@TC2 ?TOLERANCE|\n.model R^@REFDES RES R=1 DEV=@TOLERANCE% TC1=@TC1 TC2=@TC2|"; VariantName = "[No Variations]"
Add component (AddParameter): Name = "SLOPE"; Value = "RSMAX"; VariantName = "[No Variations]"
Add component (AddParameter): Name = "TC1"; Value = "0"; VariantName = "[No Variations]"
Add component (AddParameter): Name = "TC2"; Value = "0"; VariantName = "[No Variations]"
Add component (AddParameter): Name = "TOLERANCE"; Value = ""; VariantName = "[No Variations]"
Add component (AddParameter): Name = "Value"; Value = "1k"; VariantName = "[No Variations]"
Add component (AddParameter): Name = "VOLTAGE"; Value = "RVMAX"; VariantName = "[No Variations]"
Added Component: Designator=R10(R0805)
Add component (AddParameter): Name = "BiasValue Power"; Value = "53.73mW"; VariantName = "[No Variations]"
Add component (AddParameter): Name = "DIST"; Value = "FLAT"; VariantName = "[No Variations]"
Add component (AddParameter): Name = "MAX_TEMP"; Value = "RTMAX"; VariantName = "[No Variations]"
Add component (AddParameter): Name = "PCB Footprint"; Value = "AXRC05"; VariantName = "[No Variations]"
Add component (AddParameter): Name = "POWER"; Value = "RMAX"; VariantName = "[No Variations]"
Add component (AddParameter): Name = "PSpice Model Type"; Value = "0011"; VariantName = "[No Variations]"
Add component (AddParameter): Name = "PSpiceTemplate"; Value = "R^@REFDES %1 %2 ?TOLERANCE|R^@REFDES| @VALUE TC=@TC1,@TC2 ?TOLERANCE|\n.model R^@REFDES RES R=1 DEV=@TOLERANCE% TC1=@TC1 TC2=@TC2|"; VariantName = "[No Variations]"
Add component (AddParameter): Name = "SLOPE"; Value = "RSMAX"; VariantName = "[No Variations]"
Add component (AddParameter): Name = "TC1"; Value = "0"; VariantName = "[No Variations]"
Add component (AddParameter): Name = "TC2"; Value = "0"; VariantName = "[No Variations]"
Add component (AddParameter): Name = "TOLERANCE"; Value = ""; VariantName = "[No Variations]"
Add component (AddParameter): Name = "Value"; Value = "50"; VariantName = "[No Variations]"
Add component (AddParameter): Name = "VOLTAGE"; Value = "RVMAX"; VariantName = "[No Variations]"
Added Component: Designator=R11(R0805)
Add component (AddParameter): Name = "BiasValue Power"; Value = ""; VariantName = "[No Variations]"
Add component (AddParameter): Name = "DIST"; Value = "FLAT"; VariantName = "[No Variations]"
Add component (AddParameter): Name = "MAX_TEMP"; Value = "RTMAX"; VariantName = "[No Variations]"
Add component (AddParameter): Name = "PCB Footprint"; Value = "AXRC05"; VariantName = "[No Variations]"
Add component (AddParameter): Name = "POWER"; Value = "RMAX"; VariantName = "[No Variations]"
Add component (AddParameter): Name = "PSpice Model Type"; Value = "0011"; VariantName = "[No Variations]"
Add component (AddParameter): Name = "PSpiceTemplate"; Value = "R^@REFDES %1 %2 ?TOLERANCE|R^@REFDES| @VALUE TC=@TC1,@TC2 ?TOLERANCE|\n.model R^@REFDES RES R=1 DEV=@TOLERANCE% TC1=@TC1 TC2=@TC2|"; VariantName = "[No Variations]"
Add component (AddParameter): Name = "SLOPE"; Value = "RSMAX"; VariantName = "[No Variations]"
Add component (AddParameter): Name = "TC1"; Value = "0"; VariantName = "[No Variations]"
Add component (AddParameter): Name = "TC2"; Value = "0"; VariantName = "[No Variations]"
Add component (AddParameter): Name = "TOLERANCE"; Value = ""; VariantName = "[No Variations]"
Add component (AddParameter): Name = "Value"; Value = "50"; VariantName = "[No Variations]"
Add component (AddParameter): Name = "VOLTAGE"; Value = "RVMAX"; VariantName = "[No Variations]"
Added Component: Designator=R12(RESC3413X04N)
Add component (AddParameter): Name = "Data"; Value = "16-12-2016"; VariantName = "[No Variations]"
Add component (AddParameter): Name = "Desc."; Value = "RES SMD 0805"; VariantName = "[No Variations]"
Add component (AddParameter): Name = "Designer"; Value = "Abbas Basereh"; VariantName = "[No Variations]"
Added Component: Designator=R24(R0805)
Add component (AddParameter): Name = "BiasValue Power"; Value = "73.36mW"; VariantName = "[No Variations]"
Add component (AddParameter): Name = "DIST"; Value = "FLAT"; VariantName = "[No Variations]"
Add component (AddParameter): Name = "MAX_TEMP"; Value = "RTMAX"; VariantName = "[No Variations]"
Add component (AddParameter): Name = "PCB Footprint"; Value = "AXRC05"; VariantName = "[No Variations]"
Add component (AddParameter): Name = "POWER"; Value = "RMAX"; VariantName = "[No Variations]"
Add component (AddParameter): Name = "PSpice Model Type"; Value = "0011"; VariantName = "[No Variations]"
Add component (AddParameter): Name = "PSpiceTemplate"; Value = "R^@REFDES %1 %2 ?TOLERANCE|R^@REFDES| @VALUE TC=@TC1,@TC2 ?TOLERANCE|\n.model R^@REFDES RES R=1 DEV=@TOLERANCE% TC1=@TC1 TC2=@TC2|"; VariantName = "[No Variations]"
Add component (AddParameter): Name = "SLOPE"; Value = "RSMAX"; VariantName = "[No Variations]"
Add component (AddParameter): Name = "TC1"; Value = "0"; VariantName = "[No Variations]"
Add component (AddParameter): Name = "TC2"; Value = "0"; VariantName = "[No Variations]"
Add component (AddParameter): Name = "TOLERANCE"; Value = ""; VariantName = "[No Variations]"
Add component (AddParameter): Name = "Value"; Value = "68"; VariantName = "[No Variations]"
Add component (AddParameter): Name = "VOLTAGE"; Value = "RVMAX"; VariantName = "[No Variations]"
Added Component: Designator=R25(R0805)
Add component (AddParameter): Name = "BiasValue Power"; Value = "19.96mW"; VariantName = "[No Variations]"
Add component (AddParameter): Name = "DIST"; Value = "FLAT"; VariantName = "[No Variations]"
Add component (AddParameter): Name = "MAX_TEMP"; Value = "RTMAX"; VariantName = "[No Variations]"
Add component (AddParameter): Name = "PCB Footprint"; Value = "AXRC05"; VariantName = "[No Variations]"
Add component (AddParameter): Name = "POWER"; Value = "RMAX"; VariantName = "[No Variations]"
Add component (AddParameter): Name = "PSpice Model Type"; Value = "0011"; VariantName = "[No Variations]"
Add component (AddParameter): Name = "PSpiceTemplate"; Value = "R^@REFDES %1 %2 ?TOLERANCE|R^@REFDES| @VALUE TC=@TC1,@TC2 ?TOLERANCE|\n.model R^@REFDES RES R=1 DEV=@TOLERANCE% TC1=@TC1 TC2=@TC2|"; VariantName = "[No Variations]"
Add component (AddParameter): Name = "SLOPE"; Value = "RSMAX"; VariantName = "[No Variations]"
Add component (AddParameter): Name = "TC1"; Value = "0"; VariantName = "[No Variations]"
Add component (AddParameter): Name = "TC2"; Value = "0"; VariantName = "[No Variations]"
Add component (AddParameter): Name = "TOLERANCE"; Value = ""; VariantName = "[No Variations]"
Add component (AddParameter): Name = "Value"; Value = "68"; VariantName = "[No Variations]"
Add component (AddParameter): Name = "VOLTAGE"; Value = "RVMAX"; VariantName = "[No Variations]"
Added Component: Designator=R26(R0805)
Add component (AddParameter): Name = "BiasValue Power"; Value = "6.548mW"; VariantName = "[No Variations]"
Add component (AddParameter): Name = "DIST"; Value = "FLAT"; VariantName = "[No Variations]"
Add component (AddParameter): Name = "MAX_TEMP"; Value = "RTMAX"; VariantName = "[No Variations]"
Add component (AddParameter): Name = "PCB Footprint"; Value = "AXRC05"; VariantName = "[No Variations]"
Add component (AddParameter): Name = "POWER"; Value = "RMAX"; VariantName = "[No Variations]"
Add component (AddParameter): Name = "PSpice Model Type"; Value = "0011"; VariantName = "[No Variations]"
Add component (AddParameter): Name = "PSpiceTemplate"; Value = "R^@REFDES %1 %2 ?TOLERANCE|R^@REFDES| @VALUE TC=@TC1,@TC2 ?TOLERANCE|\n.model R^@REFDES RES R=1 DEV=@TOLERANCE% TC1=@TC1 TC2=@TC2|"; VariantName = "[No Variations]"
Add component (AddParameter): Name = "SLOPE"; Value = "RSMAX"; VariantName = "[No Variations]"
Add component (AddParameter): Name = "TC1"; Value = "0"; VariantName = "[No Variations]"
Add component (AddParameter): Name = "TC2"; Value = "0"; VariantName = "[No Variations]"
Add component (AddParameter): Name = "TOLERANCE"; Value = ""; VariantName = "[No Variations]"
Add component (AddParameter): Name = "Value"; Value = "68"; VariantName = "[No Variations]"
Add component (AddParameter): Name = "VOLTAGE"; Value = "RVMAX"; VariantName = "[No Variations]"
Added Component: Designator=R27(R0805)
Add component (AddParameter): Name = "BiasValue Power"; Value = "21.75uW"; VariantName = "[No Variations]"
Add component (AddParameter): Name = "DIST"; Value = "FLAT"; VariantName = "[No Variations]"
Add component (AddParameter): Name = "MAX_TEMP"; Value = "RTMAX"; VariantName = "[No Variations]"
Add component (AddParameter): Name = "PCB Footprint"; Value = "AXRC05"; VariantName = "[No Variations]"
Add component (AddParameter): Name = "POWER"; Value = "RMAX"; VariantName = "[No Variations]"
Add component (AddParameter): Name = "PSpice Model Type"; Value = "0011"; VariantName = "[No Variations]"
Add component (AddParameter): Name = "PSpiceTemplate"; Value = "R^@REFDES %1 %2 ?TOLERANCE|R^@REFDES| @VALUE TC=@TC1,@TC2 ?TOLERANCE|\n.model R^@REFDES RES R=1 DEV=@TOLERANCE% TC1=@TC1 TC2=@TC2|"; VariantName = "[No Variations]"
Add component (AddParameter): Name = "SLOPE"; Value = "RSMAX"; VariantName = "[No Variations]"
Add component (AddParameter): Name = "TC1"; Value = "0"; VariantName = "[No Variations]"
Add component (AddParameter): Name = "TC2"; Value = "0"; VariantName = "[No Variations]"
Add component (AddParameter): Name = "TOLERANCE"; Value = ""; VariantName = "[No Variations]"
Add component (AddParameter): Name = "Value"; Value = "68"; VariantName = "[No Variations]"
Add component (AddParameter): Name = "VOLTAGE"; Value = "RVMAX"; VariantName = "[No Variations]"
Added Component: Designator=R28(R0805)
Add component (AddParameter): Name = "BiasValue Power"; Value = "21.75uW"; VariantName = "[No Variations]"
Add component (AddParameter): Name = "DIST"; Value = "FLAT"; VariantName = "[No Variations]"
Add component (AddParameter): Name = "MAX_TEMP"; Value = "RTMAX"; VariantName = "[No Variations]"
Add component (AddParameter): Name = "PCB Footprint"; Value = "AXRC05"; VariantName = "[No Variations]"
Add component (AddParameter): Name = "POWER"; Value = "RMAX"; VariantName = "[No Variations]"
Add component (AddParameter): Name = "PSpice Model Type"; Value = "0011"; VariantName = "[No Variations]"
Add component (AddParameter): Name = "PSpiceTemplate"; Value = "R^@REFDES %1 %2 ?TOLERANCE|R^@REFDES| @VALUE TC=@TC1,@TC2 ?TOLERANCE|\n.model R^@REFDES RES R=1 DEV=@TOLERANCE% TC1=@TC1 TC2=@TC2|"; VariantName = "[No Variations]"
Add component (AddParameter): Name = "SLOPE"; Value = "RSMAX"; VariantName = "[No Variations]"
Add component (AddParameter): Name = "TC1"; Value = "0"; VariantName = "[No Variations]"
Add component (AddParameter): Name = "TC2"; Value = "0"; VariantName = "[No Variations]"
Add component (AddParameter): Name = "TOLERANCE"; Value = ""; VariantName = "[No Variations]"
Add component (AddParameter): Name = "Value"; Value = "68"; VariantName = "[No Variations]"
Add component (AddParameter): Name = "VOLTAGE"; Value = "RVMAX"; VariantName = "[No Variations]"
Added Component: Designator=R50(R1206)
Add component (AddParameter): Name = "BiasValue Power"; Value = "159.6mW"; VariantName = "[No Variations]"
Add component (AddParameter): Name = "DIST"; Value = "FLAT"; VariantName = "[No Variations]"
Add component (AddParameter): Name = "MAX_TEMP"; Value = "RTMAX"; VariantName = "[No Variations]"
Add component (AddParameter): Name = "PCB Footprint"; Value = "AXRC05"; VariantName = "[No Variations]"
Add component (AddParameter): Name = "POWER"; Value = "RMAX"; VariantName = "[No Variations]"
Add component (AddParameter): Name = "PSpice Model Type"; Value = "0011"; VariantName = "[No Variations]"
Add component (AddParameter): Name = "PSpiceTemplate"; Value = "R^@REFDES %1 %2 ?TOLERANCE|R^@REFDES| @VALUE TC=@TC1,@TC2 ?TOLERANCE|\n.model R^@REFDES RES R=1 DEV=@TOLERANCE% TC1=@TC1 TC2=@TC2|"; VariantName = "[No Variations]"
Add component (AddParameter): Name = "SLOPE"; Value = "RSMAX"; VariantName = "[No Variations]"
Add component (AddParameter): Name = "TC1"; Value = "0"; VariantName = "[No Variations]"
Add component (AddParameter): Name = "TC2"; Value = "0"; VariantName = "[No Variations]"
Add component (AddParameter): Name = "TOLERANCE"; Value = ""; VariantName = "[No Variations]"
Add component (AddParameter): Name = "Value"; Value = "157"; VariantName = "[No Variations]"
Add component (AddParameter): Name = "VOLTAGE"; Value = "RVMAX"; VariantName = "[No Variations]"
Added Component: Designator=R51(R0805)
Add component (AddParameter): Name = "BiasValue Power"; Value = "159.6mW"; VariantName = "[No Variations]"
Add component (AddParameter): Name = "DIST"; Value = "FLAT"; VariantName = "[No Variations]"
Add component (AddParameter): Name = "MAX_TEMP"; Value = "RTMAX"; VariantName = "[No Variations]"
Add component (AddParameter): Name = "PCB Footprint"; Value = "AXRC05"; VariantName = "[No Variations]"
Add component (AddParameter): Name = "POWER"; Value = "RMAX"; VariantName = "[No Variations]"
Add component (AddParameter): Name = "PSpice Model Type"; Value = "0011"; VariantName = "[No Variations]"
Add component (AddParameter): Name = "PSpiceTemplate"; Value = "R^@REFDES %1 %2 ?TOLERANCE|R^@REFDES| @VALUE TC=@TC1,@TC2 ?TOLERANCE|\n.model R^@REFDES RES R=1 DEV=@TOLERANCE% TC1=@TC1 TC2=@TC2|"; VariantName = "[No Variations]"
Add component (AddParameter): Name = "SLOPE"; Value = "RSMAX"; VariantName = "[No Variations]"
Add component (AddParameter): Name = "TC1"; Value = "0"; VariantName = "[No Variations]"
Add component (AddParameter): Name = "TC2"; Value = "0"; VariantName = "[No Variations]"
Add component (AddParameter): Name = "TOLERANCE"; Value = ""; VariantName = "[No Variations]"
Add component (AddParameter): Name = "Value"; Value = "157"; VariantName = "[No Variations]"
Add component (AddParameter): Name = "VOLTAGE"; Value = "RVMAX"; VariantName = "[No Variations]"
Added Component: Designator=R52(R0805)
Add component (AddParameter): Name = "BiasValue Power"; Value = "159.6mW"; VariantName = "[No Variations]"
Add component (AddParameter): Name = "DIST"; Value = "FLAT"; VariantName = "[No Variations]"
Add component (AddParameter): Name = "MAX_TEMP"; Value = "RTMAX"; VariantName = "[No Variations]"
Add component (AddParameter): Name = "PCB Footprint"; Value = "AXRC05"; VariantName = "[No Variations]"
Add component (AddParameter): Name = "POWER"; Value = "RMAX"; VariantName = "[No Variations]"
Add component (AddParameter): Name = "PSpice Model Type"; Value = "0011"; VariantName = "[No Variations]"
Add component (AddParameter): Name = "PSpiceTemplate"; Value = "R^@REFDES %1 %2 ?TOLERANCE|R^@REFDES| @VALUE TC=@TC1,@TC2 ?TOLERANCE|\n.model R^@REFDES RES R=1 DEV=@TOLERANCE% TC1=@TC1 TC2=@TC2|"; VariantName = "[No Variations]"
Add component (AddParameter): Name = "SLOPE"; Value = "RSMAX"; VariantName = "[No Variations]"
Add component (AddParameter): Name = "TC1"; Value = "0"; VariantName = "[No Variations]"
Add component (AddParameter): Name = "TC2"; Value = "0"; VariantName = "[No Variations]"
Add component (AddParameter): Name = "TOLERANCE"; Value = ""; VariantName = "[No Variations]"
Add component (AddParameter): Name = "Value"; Value = "157"; VariantName = "[No Variations]"
Add component (AddParameter): Name = "VOLTAGE"; Value = "RVMAX"; VariantName = "[No Variations]"
Added Component: Designator=R53(R1206)
Add component (AddParameter): Name = "BiasValue Power"; Value = "159.6mW"; VariantName = "[No Variations]"
Add component (AddParameter): Name = "DIST"; Value = "FLAT"; VariantName = "[No Variations]"
Add component (AddParameter): Name = "MAX_TEMP"; Value = "RTMAX"; VariantName = "[No Variations]"
Add component (AddParameter): Name = "PCB Footprint"; Value = "AXRC05"; VariantName = "[No Variations]"
Add component (AddParameter): Name = "POWER"; Value = "RMAX"; VariantName = "[No Variations]"
Add component (AddParameter): Name = "PSpice Model Type"; Value = "0011"; VariantName = "[No Variations]"
Add component (AddParameter): Name = "PSpiceTemplate"; Value = "R^@REFDES %1 %2 ?TOLERANCE|R^@REFDES| @VALUE TC=@TC1,@TC2 ?TOLERANCE|\n.model R^@REFDES RES R=1 DEV=@TOLERANCE% TC1=@TC1 TC2=@TC2|"; VariantName = "[No Variations]"
Add component (AddParameter): Name = "SLOPE"; Value = "RSMAX"; VariantName = "[No Variations]"
Add component (AddParameter): Name = "TC1"; Value = "0"; VariantName = "[No Variations]"
Add component (AddParameter): Name = "TC2"; Value = "0"; VariantName = "[No Variations]"
Add component (AddParameter): Name = "TOLERANCE"; Value = ""; VariantName = "[No Variations]"
Add component (AddParameter): Name = "Value"; Value = "157"; VariantName = "[No Variations]"
Add component (AddParameter): Name = "VOLTAGE"; Value = "RVMAX"; VariantName = "[No Variations]"
Added Component: Designator=R54(R0805)
Add component (AddParameter): Name = "BiasValue Power"; Value = "159.6mW"; VariantName = "[No Variations]"
Add component (AddParameter): Name = "DIST"; Value = "FLAT"; VariantName = "[No Variations]"
Add component (AddParameter): Name = "MAX_TEMP"; Value = "RTMAX"; VariantName = "[No Variations]"
Add component (AddParameter): Name = "PCB Footprint"; Value = "AXRC05"; VariantName = "[No Variations]"
Add component (AddParameter): Name = "POWER"; Value = "RMAX"; VariantName = "[No Variations]"
Add component (AddParameter): Name = "PSpice Model Type"; Value = "0011"; VariantName = "[No Variations]"
Add component (AddParameter): Name = "PSpiceTemplate"; Value = "R^@REFDES %1 %2 ?TOLERANCE|R^@REFDES| @VALUE TC=@TC1,@TC2 ?TOLERANCE|\n.model R^@REFDES RES R=1 DEV=@TOLERANCE% TC1=@TC1 TC2=@TC2|"; VariantName = "[No Variations]"
Add component (AddParameter): Name = "SLOPE"; Value = "RSMAX"; VariantName = "[No Variations]"
Add component (AddParameter): Name = "TC1"; Value = "0"; VariantName = "[No Variations]"
Add component (AddParameter): Name = "TC2"; Value = "0"; VariantName = "[No Variations]"
Add component (AddParameter): Name = "TOLERANCE"; Value = ""; VariantName = "[No Variations]"
Add component (AddParameter): Name = "Value"; Value = "157"; VariantName = "[No Variations]"
Add component (AddParameter): Name = "VOLTAGE"; Value = "RVMAX"; VariantName = "[No Variations]"
Added Component: Designator=R55(R0805)
Add component (AddParameter): Name = "BiasValue Power"; Value = "159.6mW"; VariantName = "[No Variations]"
Add component (AddParameter): Name = "DIST"; Value = "FLAT"; VariantName = "[No Variations]"
Add component (AddParameter): Name = "MAX_TEMP"; Value = "RTMAX"; VariantName = "[No Variations]"
Add component (AddParameter): Name = "PCB Footprint"; Value = "AXRC05"; VariantName = "[No Variations]"
Add component (AddParameter): Name = "POWER"; Value = "RMAX"; VariantName = "[No Variations]"
Add component (AddParameter): Name = "PSpice Model Type"; Value = "0011"; VariantName = "[No Variations]"
Add component (AddParameter): Name = "PSpiceTemplate"; Value = "R^@REFDES %1 %2 ?TOLERANCE|R^@REFDES| @VALUE TC=@TC1,@TC2 ?TOLERANCE|\n.model R^@REFDES RES R=1 DEV=@TOLERANCE% TC1=@TC1 TC2=@TC2|"; VariantName = "[No Variations]"
Add component (AddParameter): Name = "SLOPE"; Value = "RSMAX"; VariantName = "[No Variations]"
Add component (AddParameter): Name = "TC1"; Value = "0"; VariantName = "[No Variations]"
Add component (AddParameter): Name = "TC2"; Value = "0"; VariantName = "[No Variations]"
Add component (AddParameter): Name = "TOLERANCE"; Value = ""; VariantName = "[No Variations]"
Add component (AddParameter): Name = "Value"; Value = "157"; VariantName = "[No Variations]"
Add component (AddParameter): Name = "VOLTAGE"; Value = "RVMAX"; VariantName = "[No Variations]"
Added Component: Designator=R56(R0805)
Add component (AddParameter): Name = "BiasValue Power"; Value = "21.75uW"; VariantName = "[No Variations]"
Add component (AddParameter): Name = "DIST"; Value = "FLAT"; VariantName = "[No Variations]"
Add component (AddParameter): Name = "MAX_TEMP"; Value = "RTMAX"; VariantName = "[No Variations]"
Add component (AddParameter): Name = "PCB Footprint"; Value = "AXRC05"; VariantName = "[No Variations]"
Add component (AddParameter): Name = "POWER"; Value = "RMAX"; VariantName = "[No Variations]"
Add component (AddParameter): Name = "PSpice Model Type"; Value = "0011"; VariantName = "[No Variations]"
Add component (AddParameter): Name = "PSpiceTemplate"; Value = "R^@REFDES %1 %2 ?TOLERANCE|R^@REFDES| @VALUE TC=@TC1,@TC2 ?TOLERANCE|\n.model R^@REFDES RES R=1 DEV=@TOLERANCE% TC1=@TC1 TC2=@TC2|"; VariantName = "[No Variations]"
Add component (AddParameter): Name = "SLOPE"; Value = "RSMAX"; VariantName = "[No Variations]"
Add component (AddParameter): Name = "TC1"; Value = "0"; VariantName = "[No Variations]"
Add component (AddParameter): Name = "TC2"; Value = "0"; VariantName = "[No Variations]"
Add component (AddParameter): Name = "TOLERANCE"; Value = ""; VariantName = "[No Variations]"
Add component (AddParameter): Name = "Value"; Value = "68"; VariantName = "[No Variations]"
Add component (AddParameter): Name = "VOLTAGE"; Value = "RVMAX"; VariantName = "[No Variations]"
Added Component: Designator=R57(R0805)
Add component (AddParameter): Name = "BiasValue Power"; Value = "21.75uW"; VariantName = "[No Variations]"
Add component (AddParameter): Name = "DIST"; Value = "FLAT"; VariantName = "[No Variations]"
Add component (AddParameter): Name = "MAX_TEMP"; Value = "RTMAX"; VariantName = "[No Variations]"
Add component (AddParameter): Name = "PCB Footprint"; Value = "AXRC05"; VariantName = "[No Variations]"
Add component (AddParameter): Name = "POWER"; Value = "RMAX"; VariantName = "[No Variations]"
Add component (AddParameter): Name = "PSpice Model Type"; Value = "0011"; VariantName = "[No Variations]"
Add component (AddParameter): Name = "PSpiceTemplate"; Value = "R^@REFDES %1 %2 ?TOLERANCE|R^@REFDES| @VALUE TC=@TC1,@TC2 ?TOLERANCE|\n.model R^@REFDES RES R=1 DEV=@TOLERANCE% TC1=@TC1 TC2=@TC2|"; VariantName = "[No Variations]"
Add component (AddParameter): Name = "SLOPE"; Value = "RSMAX"; VariantName = "[No Variations]"
Add component (AddParameter): Name = "TC1"; Value = "0"; VariantName = "[No Variations]"
Add component (AddParameter): Name = "TC2"; Value = "0"; VariantName = "[No Variations]"
Add component (AddParameter): Name = "TOLERANCE"; Value = ""; VariantName = "[No Variations]"
Add component (AddParameter): Name = "Value"; Value = "68"; VariantName = "[No Variations]"
Add component (AddParameter): Name = "VOLTAGE"; Value = "RVMAX"; VariantName = "[No Variations]"
Added Component: Designator=R58(R0805)
Add component (AddParameter): Name = "BiasValue Power"; Value = "21.75uW"; VariantName = "[No Variations]"
Add component (AddParameter): Name = "DIST"; Value = "FLAT"; VariantName = "[No Variations]"
Add component (AddParameter): Name = "MAX_TEMP"; Value = "RTMAX"; VariantName = "[No Variations]"
Add component (AddParameter): Name = "PCB Footprint"; Value = "AXRC05"; VariantName = "[No Variations]"
Add component (AddParameter): Name = "POWER"; Value = "RMAX"; VariantName = "[No Variations]"
Add component (AddParameter): Name = "PSpice Model Type"; Value = "0011"; VariantName = "[No Variations]"
Add component (AddParameter): Name = "PSpiceTemplate"; Value = "R^@REFDES %1 %2 ?TOLERANCE|R^@REFDES| @VALUE TC=@TC1,@TC2 ?TOLERANCE|\n.model R^@REFDES RES R=1 DEV=@TOLERANCE% TC1=@TC1 TC2=@TC2|"; VariantName = "[No Variations]"
Add component (AddParameter): Name = "SLOPE"; Value = "RSMAX"; VariantName = "[No Variations]"
Add component (AddParameter): Name = "TC1"; Value = "0"; VariantName = "[No Variations]"
Add component (AddParameter): Name = "TC2"; Value = "0"; VariantName = "[No Variations]"
Add component (AddParameter): Name = "TOLERANCE"; Value = ""; VariantName = "[No Variations]"
Add component (AddParameter): Name = "Value"; Value = "68"; VariantName = "[No Variations]"
Add component (AddParameter): Name = "VOLTAGE"; Value = "RVMAX"; VariantName = "[No Variations]"
Added Component: Designator=R59(R0805)
Add component (AddParameter): Name = "BiasValue Power"; Value = "21.75uW"; VariantName = "[No Variations]"
Add component (AddParameter): Name = "DIST"; Value = "FLAT"; VariantName = "[No Variations]"
Add component (AddParameter): Name = "MAX_TEMP"; Value = "RTMAX"; VariantName = "[No Variations]"
Add component (AddParameter): Name = "PCB Footprint"; Value = "AXRC05"; VariantName = "[No Variations]"
Add component (AddParameter): Name = "POWER"; Value = "RMAX"; VariantName = "[No Variations]"
Add component (AddParameter): Name = "PSpice Model Type"; Value = "0011"; VariantName = "[No Variations]"
Add component (AddParameter): Name = "PSpiceTemplate"; Value = "R^@REFDES %1 %2 ?TOLERANCE|R^@REFDES| @VALUE TC=@TC1,@TC2 ?TOLERANCE|\n.model R^@REFDES RES R=1 DEV=@TOLERANCE% TC1=@TC1 TC2=@TC2|"; VariantName = "[No Variations]"
Add component (AddParameter): Name = "SLOPE"; Value = "RSMAX"; VariantName = "[No Variations]"
Add component (AddParameter): Name = "TC1"; Value = "0"; VariantName = "[No Variations]"
Add component (AddParameter): Name = "TC2"; Value = "0"; VariantName = "[No Variations]"
Add component (AddParameter): Name = "TOLERANCE"; Value = ""; VariantName = "[No Variations]"
Add component (AddParameter): Name = "Value"; Value = "68"; VariantName = "[No Variations]"
Add component (AddParameter): Name = "VOLTAGE"; Value = "RVMAX"; VariantName = "[No Variations]"
Added Component: Designator=R60(R0805)
Add component (AddParameter): Name = "BiasValue Power"; Value = "21.75uW"; VariantName = "[No Variations]"
Add component (AddParameter): Name = "DIST"; Value = "FLAT"; VariantName = "[No Variations]"
Add component (AddParameter): Name = "MAX_TEMP"; Value = "RTMAX"; VariantName = "[No Variations]"
Add component (AddParameter): Name = "PCB Footprint"; Value = "AXRC05"; VariantName = "[No Variations]"
Add component (AddParameter): Name = "POWER"; Value = "RMAX"; VariantName = "[No Variations]"
Add component (AddParameter): Name = "PSpice Model Type"; Value = "0011"; VariantName = "[No Variations]"
Add component (AddParameter): Name = "PSpiceTemplate"; Value = "R^@REFDES %1 %2 ?TOLERANCE|R^@REFDES| @VALUE TC=@TC1,@TC2 ?TOLERANCE|\n.model R^@REFDES RES R=1 DEV=@TOLERANCE% TC1=@TC1 TC2=@TC2|"; VariantName = "[No Variations]"
Add component (AddParameter): Name = "SLOPE"; Value = "RSMAX"; VariantName = "[No Variations]"
Add component (AddParameter): Name = "TC1"; Value = "0"; VariantName = "[No Variations]"
Add component (AddParameter): Name = "TC2"; Value = "0"; VariantName = "[No Variations]"
Add component (AddParameter): Name = "TOLERANCE"; Value = ""; VariantName = "[No Variations]"
Add component (AddParameter): Name = "Value"; Value = "68"; VariantName = "[No Variations]"
Add component (AddParameter): Name = "VOLTAGE"; Value = "RVMAX"; VariantName = "[No Variations]"
Added Component: Designator=R61(R0805)
Add component (AddParameter): Name = "BiasValue Power"; Value = "21.75uW"; VariantName = "[No Variations]"
Add component (AddParameter): Name = "DIST"; Value = "FLAT"; VariantName = "[No Variations]"
Add component (AddParameter): Name = "MAX_TEMP"; Value = "RTMAX"; VariantName = "[No Variations]"
Add component (AddParameter): Name = "PCB Footprint"; Value = "AXRC05"; VariantName = "[No Variations]"
Add component (AddParameter): Name = "POWER"; Value = "RMAX"; VariantName = "[No Variations]"
Add component (AddParameter): Name = "PSpice Model Type"; Value = "0011"; VariantName = "[No Variations]"
Add component (AddParameter): Name = "PSpiceTemplate"; Value = "R^@REFDES %1 %2 ?TOLERANCE|R^@REFDES| @VALUE TC=@TC1,@TC2 ?TOLERANCE|\n.model R^@REFDES RES R=1 DEV=@TOLERANCE% TC1=@TC1 TC2=@TC2|"; VariantName = "[No Variations]"
Add component (AddParameter): Name = "SLOPE"; Value = "RSMAX"; VariantName = "[No Variations]"
Add component (AddParameter): Name = "TC1"; Value = "0"; VariantName = "[No Variations]"
Add component (AddParameter): Name = "TC2"; Value = "0"; VariantName = "[No Variations]"
Add component (AddParameter): Name = "TOLERANCE"; Value = ""; VariantName = "[No Variations]"
Add component (AddParameter): Name = "Value"; Value = "68"; VariantName = "[No Variations]"
Add component (AddParameter): Name = "VOLTAGE"; Value = "RVMAX"; VariantName = "[No Variations]"
Added Component: Designator=R62(R0805)
Add component (AddParameter): Name = "BiasValue Power"; Value = "21.75uW"; VariantName = "[No Variations]"
Add component (AddParameter): Name = "DIST"; Value = "FLAT"; VariantName = "[No Variations]"
Add component (AddParameter): Name = "MAX_TEMP"; Value = "RTMAX"; VariantName = "[No Variations]"
Add component (AddParameter): Name = "PCB Footprint"; Value = "AXRC05"; VariantName = "[No Variations]"
Add component (AddParameter): Name = "POWER"; Value = "RMAX"; VariantName = "[No Variations]"
Add component (AddParameter): Name = "PSpice Model Type"; Value = "0011"; VariantName = "[No Variations]"
Add component (AddParameter): Name = "PSpiceTemplate"; Value = "R^@REFDES %1 %2 ?TOLERANCE|R^@REFDES| @VALUE TC=@TC1,@TC2 ?TOLERANCE|\n.model R^@REFDES RES R=1 DEV=@TOLERANCE% TC1=@TC1 TC2=@TC2|"; VariantName = "[No Variations]"
Add component (AddParameter): Name = "SLOPE"; Value = "RSMAX"; VariantName = "[No Variations]"
Add component (AddParameter): Name = "TC1"; Value = "0"; VariantName = "[No Variations]"
Add component (AddParameter): Name = "TC2"; Value = "0"; VariantName = "[No Variations]"
Add component (AddParameter): Name = "TOLERANCE"; Value = ""; VariantName = "[No Variations]"
Add component (AddParameter): Name = "Value"; Value = "68"; VariantName = "[No Variations]"
Add component (AddParameter): Name = "VOLTAGE"; Value = "RVMAX"; VariantName = "[No Variations]"
Added Component: Designator=R63(R0805)
Add component (AddParameter): Name = "BiasValue Power"; Value = "21.75uW"; VariantName = "[No Variations]"
Add component (AddParameter): Name = "DIST"; Value = "FLAT"; VariantName = "[No Variations]"
Add component (AddParameter): Name = "MAX_TEMP"; Value = "RTMAX"; VariantName = "[No Variations]"
Add component (AddParameter): Name = "PCB Footprint"; Value = "AXRC05"; VariantName = "[No Variations]"
Add component (AddParameter): Name = "POWER"; Value = "RMAX"; VariantName = "[No Variations]"
Add component (AddParameter): Name = "PSpice Model Type"; Value = "0011"; VariantName = "[No Variations]"
Add component (AddParameter): Name = "PSpiceTemplate"; Value = "R^@REFDES %1 %2 ?TOLERANCE|R^@REFDES| @VALUE TC=@TC1,@TC2 ?TOLERANCE|\n.model R^@REFDES RES R=1 DEV=@TOLERANCE% TC1=@TC1 TC2=@TC2|"; VariantName = "[No Variations]"
Add component (AddParameter): Name = "SLOPE"; Value = "RSMAX"; VariantName = "[No Variations]"
Add component (AddParameter): Name = "TC1"; Value = "0"; VariantName = "[No Variations]"
Add component (AddParameter): Name = "TC2"; Value = "0"; VariantName = "[No Variations]"
Add component (AddParameter): Name = "TOLERANCE"; Value = ""; VariantName = "[No Variations]"
Add component (AddParameter): Name = "Value"; Value = "68"; VariantName = "[No Variations]"
Add component (AddParameter): Name = "VOLTAGE"; Value = "RVMAX"; VariantName = "[No Variations]"
Added Component: Designator=R64(R0805)
Add component (AddParameter): Name = "BiasValue Power"; Value = "21.75uW"; VariantName = "[No Variations]"
Add component (AddParameter): Name = "DIST"; Value = "FLAT"; VariantName = "[No Variations]"
Add component (AddParameter): Name = "MAX_TEMP"; Value = "RTMAX"; VariantName = "[No Variations]"
Add component (AddParameter): Name = "PCB Footprint"; Value = "AXRC05"; VariantName = "[No Variations]"
Add component (AddParameter): Name = "POWER"; Value = "RMAX"; VariantName = "[No Variations]"
Add component (AddParameter): Name = "PSpice Model Type"; Value = "0011"; VariantName = "[No Variations]"
Add component (AddParameter): Name = "PSpiceTemplate"; Value = "R^@REFDES %1 %2 ?TOLERANCE|R^@REFDES| @VALUE TC=@TC1,@TC2 ?TOLERANCE|\n.model R^@REFDES RES R=1 DEV=@TOLERANCE% TC1=@TC1 TC2=@TC2|"; VariantName = "[No Variations]"
Add component (AddParameter): Name = "SLOPE"; Value = "RSMAX"; VariantName = "[No Variations]"
Add component (AddParameter): Name = "TC1"; Value = "0"; VariantName = "[No Variations]"
Add component (AddParameter): Name = "TC2"; Value = "0"; VariantName = "[No Variations]"
Add component (AddParameter): Name = "TOLERANCE"; Value = ""; VariantName = "[No Variations]"
Add component (AddParameter): Name = "Value"; Value = "68"; VariantName = "[No Variations]"
Add component (AddParameter): Name = "VOLTAGE"; Value = "RVMAX"; VariantName = "[No Variations]"
Added Component: Designator=R65(R0805)
Add component (AddParameter): Name = "BiasValue Power"; Value = "21.75uW"; VariantName = "[No Variations]"
Add component (AddParameter): Name = "DIST"; Value = "FLAT"; VariantName = "[No Variations]"
Add component (AddParameter): Name = "MAX_TEMP"; Value = "RTMAX"; VariantName = "[No Variations]"
Add component (AddParameter): Name = "PCB Footprint"; Value = "AXRC05"; VariantName = "[No Variations]"
Add component (AddParameter): Name = "POWER"; Value = "RMAX"; VariantName = "[No Variations]"
Add component (AddParameter): Name = "PSpice Model Type"; Value = "0011"; VariantName = "[No Variations]"
Add component (AddParameter): Name = "PSpiceTemplate"; Value = "R^@REFDES %1 %2 ?TOLERANCE|R^@REFDES| @VALUE TC=@TC1,@TC2 ?TOLERANCE|\n.model R^@REFDES RES R=1 DEV=@TOLERANCE% TC1=@TC1 TC2=@TC2|"; VariantName = "[No Variations]"
Add component (AddParameter): Name = "SLOPE"; Value = "RSMAX"; VariantName = "[No Variations]"
Add component (AddParameter): Name = "TC1"; Value = "0"; VariantName = "[No Variations]"
Add component (AddParameter): Name = "TC2"; Value = "0"; VariantName = "[No Variations]"
Add component (AddParameter): Name = "TOLERANCE"; Value = ""; VariantName = "[No Variations]"
Add component (AddParameter): Name = "Value"; Value = "68"; VariantName = "[No Variations]"
Add component (AddParameter): Name = "VOLTAGE"; Value = "RVMAX"; VariantName = "[No Variations]"
Added Component: Designator=R66(SMD-0805-RES)
Add component (AddParameter): Name = "ComponentLink1Description"; Value = "Website Smart World"; VariantName = "[No Variations]"
Add component (AddParameter): Name = "ComponentLink1URL"; Value = "https://www.smartw.ir/"; VariantName = "[No Variations]"
Add component (AddParameter): Name = "ComponentLink2Description"; Value = "Telegram"; VariantName = "[No Variations]"
Add component (AddParameter): Name = "ComponentLink2URL"; Value = "https://t.me/altium_smartw"; VariantName = "[No Variations]"
Add component (AddParameter): Name = "ComponentLink3Description"; Value = "Instagram"; VariantName = "[No Variations]"
Add component (AddParameter): Name = "ComponentLink3URL"; Value = "https://Instagram.com/smartgw.ir"; VariantName = "[No Variations]"
Add component (AddParameter): Name = "DatasheetVersion"; Value = "2021"; VariantName = "[No Variations]"
Add component (AddParameter): Name = "Value"; Value = "33"; VariantName = "[No Variations]"
Added Component: Designator=U1(SOT-23)
Add component (AddParameter): Name = "BiasValue Power"; Value = ""; VariantName = "[No Variations]"
Add component (AddParameter): Name = "PCB Footprint"; Value = "SOT23"; VariantName = "[No Variations]"
Add component (AddParameter): Name = "PSpiceTemplate"; Value = "X^@REFDES %DRAIN %GATE %SOURCE @MODEL"; VariantName = "[No Variations]"
Added Component: Designator=U2(SOT-23)
Add component (AddParameter): Name = "BiasValue Power"; Value = ""; VariantName = "[No Variations]"
Add component (AddParameter): Name = "PCB Footprint"; Value = "SOT23"; VariantName = "[No Variations]"
Add component (AddParameter): Name = "PSpiceTemplate"; Value = "X^@REFDES %DRAIN %GATE %SOURCE @MODEL"; VariantName = "[No Variations]"
Added Component: Designator=U3(SOT-23)
Add component (AddParameter): Name = "BiasValue Power"; Value = ""; VariantName = "[No Variations]"
Add component (AddParameter): Name = "PCB Footprint"; Value = "SOT23"; VariantName = "[No Variations]"
Add component (AddParameter): Name = "PSpiceTemplate"; Value = "X^@REFDES %DRAIN %GATE %SOURCE @MODEL"; VariantName = "[No Variations]"
Added Component: Designator=U4(SOT-23)
Add component (AddParameter): Name = "BiasValue Power"; Value = ""; VariantName = "[No Variations]"
Add component (AddParameter): Name = "PCB Footprint"; Value = "SOT23"; VariantName = "[No Variations]"
Add component (AddParameter): Name = "PSpiceTemplate"; Value = "X^@REFDES %DRAIN %GATE %SOURCE @MODEL"; VariantName = "[No Variations]"
Added Component: Designator=U5(SOT-23)
Add component (AddParameter): Name = "BiasValue Power"; Value = ""; VariantName = "[No Variations]"
Add component (AddParameter): Name = "PCB Footprint"; Value = "SOT23"; VariantName = "[No Variations]"
Add component (AddParameter): Name = "PSpiceTemplate"; Value = "X^@REFDES %DRAIN %GATE %SOURCE @MODEL"; VariantName = "[No Variations]"
Added Component: Designator=U6(SOT-23)
Add component (AddParameter): Name = "BiasValue Power"; Value = ""; VariantName = "[No Variations]"
Add component (AddParameter): Name = "PCB Footprint"; Value = "SOT23"; VariantName = "[No Variations]"
Add component (AddParameter): Name = "PSpiceTemplate"; Value = "X^@REFDES %DRAIN %GATE %SOURCE @MODEL"; VariantName = "[No Variations]"
Added Component: Designator=U7(SOT-23)
Add component (AddParameter): Name = "BiasValue Power"; Value = ""; VariantName = "[No Variations]"
Add component (AddParameter): Name = "PCB Footprint"; Value = "SOT23"; VariantName = "[No Variations]"
Add component (AddParameter): Name = "PSpiceTemplate"; Value = "X^@REFDES %DRAIN %GATE %SOURCE @MODEL"; VariantName = "[No Variations]"
Added Component: Designator=U8(SOT-23)
Add component (AddParameter): Name = "BiasValue Power"; Value = ""; VariantName = "[No Variations]"
Add component (AddParameter): Name = "PCB Footprint"; Value = "SOT23"; VariantName = "[No Variations]"
Add component (AddParameter): Name = "PSpiceTemplate"; Value = "X^@REFDES %DRAIN %GATE %SOURCE @MODEL"; VariantName = "[No Variations]"
Added Component: Designator=U16(DIP14)
Add component (AddParameter): Name = "BiasValue Power"; Value = ""; VariantName = "[No Variations]"
Add component (AddParameter): Name = "PCB Footprint"; Value = "DIP14_3"; VariantName = "[No Variations]"
Add component (AddParameter): Name = "TOL_ON_OFF"; Value = "ON"; VariantName = "[No Variations]"
Added Component: Designator=U18(DIP 16)
Add component (AddParameter): Name = "IMPL"; Value = ""; VariantName = "[No Variations]"
Add component (AddParameter): Name = "IO_LEVEL"; Value = "0"; VariantName = "[No Variations]"
Add component (AddParameter): Name = "MNTYMXDLY"; Value = "0"; VariantName = "[No Variations]"
Add component (AddParameter): Name = "PCB Footprint"; Value = "DIP10016W300L900"; VariantName = "[No Variations]"
Add component (AddParameter): Name = "PSpiceTemplate"; Value = "X^@REFDES %CLK %ENP %ENT %C\L\R\ %L\O\A\D\ %A %B %C %D %QA %QB %QC %QD %RCO %VCC %GND @MODEL PARAMS:\n+ IO_LEVEL=@IO_LEVEL MNTYMXDLY=@MNTYMXDLY"; VariantName = "[No Variations]"
Added Pin To Net: NetName=+1V58 Pin=J3-1
Added Pin To Net: NetName=+1V58 Pin=M2-1
Added Pin To Net: NetName=+1V58 Pin=M3-1
Added Pin To Net: NetName=+1V58 Pin=M5-1
Added Pin To Net: NetName=+1V58 Pin=M7-1
Added Net: Name=+1V58
Added Pin To Net: NetName=+5V Pin=J1-1
Added Pin To Net: NetName=+5V Pin=Q1-1
Added Pin To Net: NetName=+5V Pin=Q2-1
Added Pin To Net: NetName=+5V Pin=Q3-1
Added Pin To Net: NetName=+5V Pin=Q4-1
Added Pin To Net: NetName=+5V Pin=Q5-1
Added Pin To Net: NetName=+5V Pin=R10-2
Added Pin To Net: NetName=+5V Pin=R11-2
Added Pin To Net: NetName=+5V Pin=R50-2
Added Pin To Net: NetName=+5V Pin=U16-4
Added Pin To Net: NetName=+5V Pin=U18-1
Added Pin To Net: NetName=+5V Pin=U18-7
Added Pin To Net: NetName=+5V Pin=U18-9
Added Pin To Net: NetName=+5V Pin=U18-10
Added Net: Name=+5V
Added Pin To Net: NetName=-5V Pin=J2-1
Added Pin To Net: NetName=-5V Pin=R24-2
Added Pin To Net: NetName=-5V Pin=R57-2
Added Pin To Net: NetName=-5V Pin=U16-11
Added Net: Name=-5V
Added Pin To Net: NetName=CLK_IN Pin=R66-1
Added Pin To Net: NetName=CLK_IN Pin=U18-2
Added Net: Name=CLK_IN
Added Pin To Net: NetName=CLK_RAW Pin=J4-1
Added Pin To Net: NetName=CLK_RAW Pin=R12-2
Added Pin To Net: NetName=CLK_RAW Pin=R66-2
Added Net: Name=CLK_RAW
Added Pin To Net: NetName=GND Pin=J1-2
Added Pin To Net: NetName=GND Pin=J2-2
Added Pin To Net: NetName=GND Pin=J3-2
Added Pin To Net: NetName=GND Pin=J4-2
Added Pin To Net: NetName=GND Pin=R1-1
Added Pin To Net: NetName=GND Pin=R2-1
Added Pin To Net: NetName=GND Pin=R3-1
Added Pin To Net: NetName=GND Pin=R4-1
Added Pin To Net: NetName=GND Pin=R5-1
Added Pin To Net: NetName=GND Pin=R6-1
Added Pin To Net: NetName=GND Pin=R7-1
Added Pin To Net: NetName=GND Pin=R8-1
Added Pin To Net: NetName=GND Pin=R9-1
Added Pin To Net: NetName=GND Pin=R12-1
Added Pin To Net: NetName=GND Pin=R28-2
Added Pin To Net: NetName=GND Pin=R55-1
Added Pin To Net: NetName=GND Pin=U18-3
Added Pin To Net: NetName=GND Pin=U18-4
Added Pin To Net: NetName=GND Pin=U18-5
Added Pin To Net: NetName=GND Pin=U18-6
Added Net: Name=GND
Added Pin To Net: NetName=NetM1_1 Pin=M1-1
Added Pin To Net: NetName=NetM1_1 Pin=U18-11
Added Net: Name=NetM1_1
Added Pin To Net: NetName=NetM1_2 Pin=M1-2
Added Pin To Net: NetName=NetM1_2 Pin=R2-2
Added Pin To Net: NetName=NetM1_2 Pin=U1-2
Added Net: Name=NetM1_2
Added Pin To Net: NetName=NetM1_3 Pin=M1-3
Added Pin To Net: NetName=NetM1_3 Pin=M2-3
Added Pin To Net: NetName=NetM1_3 Pin=Q2-3
Added Net: Name=NetM1_3
Added Pin To Net: NetName=NetM2_2 Pin=M2-2
Added Pin To Net: NetName=NetM2_2 Pin=R3-2
Added Pin To Net: NetName=NetM2_2 Pin=U2-2
Added Net: Name=NetM2_2
Added Pin To Net: NetName=NetM3_2 Pin=M3-2
Added Pin To Net: NetName=NetM3_2 Pin=R5-2
Added Pin To Net: NetName=NetM3_2 Pin=U4-2
Added Net: Name=NetM3_2
Added Pin To Net: NetName=NetM3_3 Pin=M3-3
Added Pin To Net: NetName=NetM3_3 Pin=M4-3
Added Pin To Net: NetName=NetM3_3 Pin=Q3-3
Added Net: Name=NetM3_3
Added Pin To Net: NetName=NetM4_1 Pin=M4-1
Added Pin To Net: NetName=NetM4_1 Pin=U18-12
Added Net: Name=NetM4_1
Added Pin To Net: NetName=NetM4_2 Pin=M4-2
Added Pin To Net: NetName=NetM4_2 Pin=R4-2
Added Pin To Net: NetName=NetM4_2 Pin=U3-2
Added Net: Name=NetM4_2
Added Pin To Net: NetName=NetM5_2 Pin=M5-2
Added Pin To Net: NetName=NetM5_2 Pin=R7-2
Added Pin To Net: NetName=NetM5_2 Pin=U6-2
Added Net: Name=NetM5_2
Added Pin To Net: NetName=NetM5_3 Pin=M5-3
Added Pin To Net: NetName=NetM5_3 Pin=M6-3
Added Pin To Net: NetName=NetM5_3 Pin=Q4-3
Added Net: Name=NetM5_3
Added Pin To Net: NetName=NetM6_1 Pin=M6-1
Added Pin To Net: NetName=NetM6_1 Pin=U18-13
Added Net: Name=NetM6_1
Added Pin To Net: NetName=NetM6_2 Pin=M6-2
Added Pin To Net: NetName=NetM6_2 Pin=R6-2
Added Pin To Net: NetName=NetM6_2 Pin=U5-2
Added Net: Name=NetM6_2
Added Pin To Net: NetName=NetM7_2 Pin=M7-2
Added Pin To Net: NetName=NetM7_2 Pin=R9-2
Added Pin To Net: NetName=NetM7_2 Pin=U8-2
Added Net: Name=NetM7_2
Added Pin To Net: NetName=NetM7_3 Pin=M7-3
Added Pin To Net: NetName=NetM7_3 Pin=M8-3
Added Pin To Net: NetName=NetM7_3 Pin=Q5-3
Added Net: Name=NetM7_3
Added Pin To Net: NetName=NetM8_1 Pin=M8-1
Added Pin To Net: NetName=NetM8_1 Pin=U18-14
Added Net: Name=NetM8_1
Added Pin To Net: NetName=NetM8_2 Pin=M8-2
Added Pin To Net: NetName=NetM8_2 Pin=R8-2
Added Pin To Net: NetName=NetM8_2 Pin=U7-2
Added Net: Name=NetM8_2
Added Pin To Net: NetName=NetQ1_2 Pin=Q1-2
Added Pin To Net: NetName=NetQ1_2 Pin=Q1-3
Added Pin To Net: NetName=NetQ1_2 Pin=Q2-2
Added Pin To Net: NetName=NetQ1_2 Pin=Q3-2
Added Pin To Net: NetName=NetQ1_2 Pin=Q4-2
Added Pin To Net: NetName=NetQ1_2 Pin=Q5-2
Added Pin To Net: NetName=NetQ1_2 Pin=R1-2
Added Net: Name=NetQ1_2
Added Pin To Net: NetName=NetQ6_1 Pin=Q6-1
Added Pin To Net: NetName=NetQ6_1 Pin=R56-1
Added Net: Name=NetQ6_1
Added Pin To Net: NetName=NetQ6_2 Pin=Q6-2
Added Pin To Net: NetName=NetQ6_2 Pin=Q7-2
Added Pin To Net: NetName=NetQ6_2 Pin=Q8-2
Added Pin To Net: NetName=NetQ6_2 Pin=Q9-2
Added Pin To Net: NetName=NetQ6_2 Pin=U16-7
Added Pin To Net: NetName=NetQ6_2 Pin=U16-12
Added Net: Name=NetQ6_2
Added Pin To Net: NetName=NetQ6_3 Pin=Q6-3
Added Pin To Net: NetName=NetQ6_3 Pin=R52-1
Added Pin To Net: NetName=NetQ6_3 Pin=U16-5
Added Net: Name=NetQ6_3
Added Pin To Net: NetName=NetQ7_1 Pin=Q7-1
Added Pin To Net: NetName=NetQ7_1 Pin=R58-1
Added Net: Name=NetQ7_1
Added Pin To Net: NetName=NetQ7_3 Pin=Q7-3
Added Pin To Net: NetName=NetQ7_3 Pin=U1-3
Added Pin To Net: NetName=NetQ7_3 Pin=U2-3
Added Net: Name=NetQ7_3
Added Pin To Net: NetName=NetQ8_1 Pin=Q8-1
Added Pin To Net: NetName=NetQ8_1 Pin=R60-1
Added Net: Name=NetQ8_1
Added Pin To Net: NetName=NetQ8_3 Pin=Q8-3
Added Pin To Net: NetName=NetQ8_3 Pin=U3-3
Added Pin To Net: NetName=NetQ8_3 Pin=U4-3
Added Net: Name=NetQ8_3
Added Pin To Net: NetName=NetQ9_1 Pin=Q9-1
Added Pin To Net: NetName=NetQ9_1 Pin=R62-1
Added Net: Name=NetQ9_1
Added Pin To Net: NetName=NetQ9_3 Pin=Q9-3
Added Pin To Net: NetName=NetQ9_3 Pin=U5-3
Added Pin To Net: NetName=NetQ9_3 Pin=U6-3
Added Net: Name=NetQ9_3
Added Pin To Net: NetName=NetQ10_1 Pin=Q10-1
Added Pin To Net: NetName=NetQ10_1 Pin=R65-2
Added Pin To Net: NetName=NetQ10_1 Pin=U16-2
Added Net: Name=NetQ10_1
Added Pin To Net: NetName=NetQ10_2 Pin=Q10-2
Added Pin To Net: NetName=NetQ10_2 Pin=U16-1
Added Net: Name=NetQ10_2
Added Pin To Net: NetName=NetQ10_3 Pin=Q10-3
Added Pin To Net: NetName=NetQ10_3 Pin=U7-3
Added Pin To Net: NetName=NetQ10_3 Pin=U8-3
Added Net: Name=NetQ10_3
Added Pin To Net: NetName=NetR10_1 Pin=R10-1
Added Pin To Net: NetName=NetR10_1 Pin=U1-1
Added Pin To Net: NetName=NetR10_1 Pin=U3-1
Added Pin To Net: NetName=NetR10_1 Pin=U5-1
Added Pin To Net: NetName=NetR10_1 Pin=U7-1
Added Net: Name=NetR10_1
Added Pin To Net: NetName=NetR11_1 Pin=R11-1
Added Pin To Net: NetName=NetR11_1 Pin=U2-1
Added Pin To Net: NetName=NetR11_1 Pin=U4-1
Added Pin To Net: NetName=NetR11_1 Pin=U6-1
Added Pin To Net: NetName=NetR11_1 Pin=U8-1
Added Net: Name=NetR11_1
Added Pin To Net: NetName=NetR24_1 Pin=R24-1
Added Pin To Net: NetName=NetR24_1 Pin=R25-2
Added Pin To Net: NetName=NetR24_1 Pin=R59-2
Added Net: Name=NetR24_1
Added Pin To Net: NetName=NetR25_1 Pin=R25-1
Added Pin To Net: NetName=NetR25_1 Pin=R26-2
Added Pin To Net: NetName=NetR25_1 Pin=R61-2
Added Net: Name=NetR25_1
Added Pin To Net: NetName=NetR26_1 Pin=R26-1
Added Pin To Net: NetName=NetR26_1 Pin=R63-2
Added Pin To Net: NetName=NetR26_1 Pin=R64-1
Added Net: Name=NetR26_1
Added Pin To Net: NetName=NetR27_1 Pin=R27-1
Added Pin To Net: NetName=NetR27_1 Pin=R28-1
Added Pin To Net: NetName=NetR27_1 Pin=U16-3
Added Net: Name=NetR27_1
Added Pin To Net: NetName=NetR27_2 Pin=R27-2
Added Pin To Net: NetName=NetR27_2 Pin=U16-13
Added Pin To Net: NetName=NetR27_2 Pin=U16-14
Added Net: Name=NetR27_2
Added Pin To Net: NetName=NetR50_1 Pin=R50-1
Added Pin To Net: NetName=NetR50_1 Pin=R51-2
Added Net: Name=NetR50_1
Added Pin To Net: NetName=NetR51_1 Pin=R51-1
Added Pin To Net: NetName=NetR51_1 Pin=R52-2
Added Net: Name=NetR51_1
Added Pin To Net: NetName=NetR53_1 Pin=R53-1
Added Pin To Net: NetName=NetR53_1 Pin=R54-2
Added Net: Name=NetR53_1
Added Pin To Net: NetName=NetR53_2 Pin=R53-2
Added Pin To Net: NetName=NetR53_2 Pin=U16-6
Added Net: Name=NetR53_2
Added Pin To Net: NetName=NetR54_1 Pin=R54-1
Added Pin To Net: NetName=NetR54_1 Pin=R55-2
Added Net: Name=NetR54_1
Added Pin To Net: NetName=NetR56_2 Pin=R56-2
Added Pin To Net: NetName=NetR56_2 Pin=R57-1
Added Net: Name=NetR56_2
Added Pin To Net: NetName=NetR58_2 Pin=R58-2
Added Pin To Net: NetName=NetR58_2 Pin=R59-1
Added Net: Name=NetR58_2
Added Pin To Net: NetName=NetR60_2 Pin=R60-2
Added Pin To Net: NetName=NetR60_2 Pin=R61-1
Added Net: Name=NetR60_2
Added Pin To Net: NetName=NetR62_2 Pin=R62-2
Added Pin To Net: NetName=NetR62_2 Pin=R63-1
Added Net: Name=NetR62_2
Added Pin To Net: NetName=NetR64_2 Pin=R64-2
Added Pin To Net: NetName=NetR64_2 Pin=R65-1
Added Net: Name=NetR64_2
Added Class: Name=PAGE1
Added Room: Name=PAGE1
